<?xml version="1.0" encoding="UTF-8"?>
<testsuite xmlns:xsi="http://www.w3.org/2001/XMLSchema-instance" xsi:noNamespaceSchemaLocation="https://maven.apache.org/surefire/maven-surefire-plugin/xsd/surefire-test-report-3.0.xsd" version="3.0" name="com.fizzbuzz.testing.FizzBuzzTest" time="0.001" tests="3" errors="0" skipped="0" failures="0">
  <properties>
[...]
</properties>
  <testcase name="testBuzz" classname="com.fizzbuzz.testing.FizzBuzzTest" time="0"/>
  <testcase name="testFizz" classname="com.fizzbuzz.testing.FizzBuzzTest" time="0"/>
  <testcase name="testNumber" classname="com.fizzbuzz.testing.FizzBuzzTest" time="0.001"/>
</testsuite>